# JRE version: OpenJDK Runtime Environment Temurin-17.0.6+10 (17.0.6+10) (build 17.0.6+10)
# Java VM: OpenJDK 64-Bit Server VM Temurin-17.0.6+10 (17.0.6+10, mixed mode, tiered, compressed oops, compressed class ptrs, parallel gc, windows-amd64)
GC Precious Log:
 CPUs: 4 total, 4 available
 Memory: 1935M
 Large Page Support: Disabled
 NUMA Support: Disabled
 Compressed Oops: Enabled (32-bit)
 Alignments: Space 512K, Generation 512K, Heap 2M
 Heap Min Capacity: 100M
 Heap Initial Capacity: 100M
 Heap Max Capacity: 1G
 Pre-touch: Disabled
 Parallel Workers: 4
Heap:
 PSYoungGen      total 17408K, used 10427K [0x00000000eab00000, 0x00000000ec300000, 0x0000000100000000)
  eden space 16896K, 58% used [0x00000000eab00000,0x00000000eb4aec90,0x00000000ebb80000)
  from space 512K, 100% used [0x00000000ebe80000,0x00000000ebf00000,0x00000000ebf00000)
  to   space 3072K, 0% used [0x00000000ebb80000,0x00000000ebb80000,0x00000000ebe80000)
 ParOldGen       total 68608K, used 33341K [0x00000000c0000000, 0x00000000c4300000, 0x00000000eab00000)
  object space 68608K, 48% used [0x00000000c0000000,0x00000000c208f608,0x00000000c4300000)
 Metaspace       used 57665K, committed 58624K, reserved 1105920K
  class space    used 6113K, committed 6464K, reserved 1048576K
GC Heap History (20 events):
Event: 41.358 GC heap before
{Heap before GC invocations=19 (full 2):
 PSYoungGen      total 21504K, used 21472K [0x00000000eab00000, 0x00000000ec980000, 0x0000000100000000)
  eden space 19456K, 100% used [0x00000000eab00000,0x00000000ebe00000,0x00000000ebe00000)
  from space 2048K, 98% used [0x00000000ec280000,0x00000000ec478020,0x00000000ec480000)
  to   space 4608K, 0% used [0x00000000ebe00000,0x00000000ebe00000,0x00000000ec280000)
 ParOldGen       total 68608K, used 21352K [0x00000000c0000000, 0x00000000c4300000, 0x00000000eab00000)
  object space 68608K, 31% used [0x00000000c0000000,0x00000000c14da348,0x00000000c4300000)
 Metaspace       used 46762K, committed 47552K, reserved 1097728K
  class space    used 5049K, committed 5376K, reserved 1048576K
}
Event: 41.364 GC heap after
{Heap after GC invocations=19 (full 2):
 PSYoungGen      total 21504K, used 1728K [0x00000000eab00000, 0x00000000ec400000, 0x0000000100000000)
  eden space 19456K, 0% used [0x00000000eab00000,0x00000000eab00000,0x00000000ebe00000)
  from space 2048K, 84% used [0x00000000ebe00000,0x00000000ebfb0000,0x00000000ec000000)
  to   space 3072K, 0% used [0x00000000ec100000,0x00000000ec100000,0x00000000ec400000)
 ParOldGen       total 68608K, used 23380K [0x00000000c0000000, 0x00000000c4300000, 0x00000000eab00000)
  object space 68608K, 34% used [0x00000000c0000000,0x00000000c16d51a8,0x00000000c4300000)
 Metaspace       used 46762K, committed 47552K, reserved 1097728K
  class space    used 5049K, committed 5376K, reserved 1048576K
}
Event: 41.477 GC heap before
{Heap before GC invocations=20 (full 2):
 PSYoungGen      total 21504K, used 21184K [0x00000000eab00000, 0x00000000ec400000, 0x0000000100000000)
  eden space 19456K, 100% used [0x00000000eab00000,0x00000000ebe00000,0x00000000ebe00000)
  from space 2048K, 84% used [0x00000000ebe00000,0x00000000ebfb0000,0x00000000ec000000)
  to   space 3072K, 0% used [0x00000000ec100000,0x00000000ec100000,0x00000000ec400000)
 ParOldGen       total 68608K, used 23380K [0x00000000c0000000, 0x00000000c4300000, 0x00000000eab00000)
  object space 68608K, 34% used [0x00000000c0000000,0x00000000c16d51a8,0x00000000c4300000)
 Metaspace       used 46762K, committed 47552K, reserved 1097728K
  class space    used 5049K, committed 5376K, reserved 1048576K
}
Event: 41.484 GC heap after
{Heap after GC invocations=20 (full 2):
 PSYoungGen      total 22016K, used 2048K [0x00000000eab00000, 0x00000000ec380000, 0x0000000100000000)
  eden space 19456K, 0% used [0x00000000eab00000,0x00000000eab00000,0x00000000ebe00000)
  from space 2560K, 80% used [0x00000000ec100000,0x00000000ec300010,0x00000000ec380000)
  to   space 2560K, 0% used [0x00000000ebe80000,0x00000000ebe80000,0x00000000ec100000)
 ParOldGen       total 68608K, used 25108K [0x00000000c0000000, 0x00000000c4300000, 0x00000000eab00000)
  object space 68608K, 36% used [0x00000000c0000000,0x00000000c18851a8,0x00000000c4300000)
 Metaspace       used 46762K, committed 47552K, reserved 1097728K
  class space    used 5049K, committed 5376K, reserved 1048576K
}
Event: 41.630 GC heap before
{Heap before GC invocations=21 (full 2):
 PSYoungGen      total 22016K, used 21504K [0x00000000eab00000, 0x00000000ec380000, 0x0000000100000000)
  eden space 19456K, 100% used [0x00000000eab00000,0x00000000ebe00000,0x00000000ebe00000)
  from space 2560K, 80% used [0x00000000ec100000,0x00000000ec300010,0x00000000ec380000)
  to   space 2560K, 0% used [0x00000000ebe80000,0x00000000ebe80000,0x00000000ec100000)
 ParOldGen       total 68608K, used 25108K [0x00000000c0000000, 0x00000000c4300000, 0x00000000eab00000)
  object space 68608K, 36% used [0x00000000c0000000,0x00000000c18851a8,0x00000000c4300000)
 Metaspace       used 46763K, committed 47552K, reserved 1097728K
  class space    used 5049K, committed 5376K, reserved 1048576K
}
Event: 41.640 GC heap after
{Heap after GC invocations=21 (full 2):
 PSYoungGen      total 21504K, used 1568K [0x00000000eab00000, 0x00000000ec200000, 0x0000000100000000)
  eden space 19456K, 0% used [0x00000000eab00000,0x00000000eab00000,0x00000000ebe00000)
  from space 2048K, 76% used [0x00000000ebe80000,0x00000000ec008000,0x00000000ec080000)
  to   space 1536K, 0% used [0x00000000ec080000,0x00000000ec080000,0x00000000ec200000)
 ParOldGen       total 68608K, used 27092K [0x00000000c0000000, 0x00000000c4300000, 0x00000000eab00000)
  object space 68608K, 39% used [0x00000000c0000000,0x00000000c1a751b8,0x00000000c4300000)
 Metaspace       used 46763K, committed 47552K, reserved 1097728K
  class space    used 5049K, committed 5376K, reserved 1048576K
}
Event: 42.616 GC heap before
{Heap before GC invocations=22 (full 2):
 PSYoungGen      total 21504K, used 21024K [0x00000000eab00000, 0x00000000ec200000, 0x0000000100000000)
  eden space 19456K, 100% used [0x00000000eab00000,0x00000000ebe00000,0x00000000ebe00000)
  from space 2048K, 76% used [0x00000000ebe80000,0x00000000ec008000,0x00000000ec080000)
  to   space 1536K, 0% used [0x00000000ec080000,0x00000000ec080000,0x00000000ec200000)
 ParOldGen       total 68608K, used 27092K [0x00000000c0000000, 0x00000000c4300000, 0x00000000eab00000)
  object space 68608K, 39% used [0x00000000c0000000,0x00000000c1a751b8,0x00000000c4300000)
 Metaspace       used 49298K, committed 50176K, reserved 1097728K
  class space    used 5302K, committed 5696K, reserved 1048576K
}
Event: 42.629 GC heap after
{Heap after GC invocations=22 (full 2):
 PSYoungGen      total 19968K, used 1510K [0x00000000eab00000, 0x00000000ec500000, 0x0000000100000000)
  eden space 18432K, 0% used [0x00000000eab00000,0x00000000eab00000,0x00000000ebd00000)
  from space 1536K, 98% used [0x00000000ec080000,0x00000000ec1f9ab0,0x00000000ec200000)
  to   space 3584K, 0% used [0x00000000ebd00000,0x00000000ebd00000,0x00000000ec080000)
 ParOldGen       total 68608K, used 28631K [0x00000000c0000000, 0x00000000c4300000, 0x00000000eab00000)
  object space 68608K, 41% used [0x00000000c0000000,0x00000000c1bf5d90,0x00000000c4300000)
 Metaspace       used 49298K, committed 50176K, reserved 1097728K
  class space    used 5302K, committed 5696K, reserved 1048576K
}
Event: 43.502 GC heap before
{Heap before GC invocations=23 (full 2):
 PSYoungGen      total 19968K, used 19942K [0x00000000eab00000, 0x00000000ec500000, 0x0000000100000000)
  eden space 18432K, 100% used [0x00000000eab00000,0x00000000ebd00000,0x00000000ebd00000)
  from space 1536K, 98% used [0x00000000ec080000,0x00000000ec1f9ab0,0x00000000ec200000)
  to   space 3584K, 0% used [0x00000000ebd00000,0x00000000ebd00000,0x00000000ec080000)
 ParOldGen       total 68608K, used 28631K [0x00000000c0000000, 0x00000000c4300000, 0x00000000eab00000)
  object space 68608K, 41% used [0x00000000c0000000,0x00000000c1bf5d90,0x00000000c4300000)
 Metaspace       used 50118K, committed 50944K, reserved 1097728K
  class space    used 5409K, committed 5760K, reserved 1048576K
}
Event: 43.514 GC heap after
{Heap after GC invocations=23 (full 2):
 PSYoungGen      total 18944K, used 288K [0x00000000eab00000, 0x00000000ec100000, 0x0000000100000000)
  eden space 18432K, 0% used [0x00000000eab00000,0x00000000eab00000,0x00000000ebd00000)
  from space 512K, 56% used [0x00000000ebd00000,0x00000000ebd48000,0x00000000ebd80000)
  to   space 1536K, 0% used [0x00000000ebf80000,0x00000000ebf80000,0x00000000ec100000)
 ParOldGen       total 68608K, used 30141K [0x00000000c0000000, 0x00000000c4300000, 0x00000000eab00000)
  object space 68608K, 43% used [0x00000000c0000000,0x00000000c1d6f4c0,0x00000000c4300000)
 Metaspace       used 50118K, committed 50944K, reserved 1097728K
  class space    used 5409K, committed 5760K, reserved 1048576K
}
Event: 44.206 GC heap before
{Heap before GC invocations=24 (full 2):
 PSYoungGen      total 18944K, used 18720K [0x00000000eab00000, 0x00000000ec100000, 0x0000000100000000)
  eden space 18432K, 100% used [0x00000000eab00000,0x00000000ebd00000,0x00000000ebd00000)
  from space 512K, 56% used [0x00000000ebd00000,0x00000000ebd48000,0x00000000ebd80000)
  to   space 1536K, 0% used [0x00000000ebf80000,0x00000000ebf80000,0x00000000ec100000)
 ParOldGen       total 68608K, used 30141K [0x00000000c0000000, 0x00000000c4300000, 0x00000000eab00000)
  object space 68608K, 43% used [0x00000000c0000000,0x00000000c1d6f4c0,0x00000000c4300000)
 Metaspace       used 51211K, committed 52032K, reserved 1097728K
  class space    used 5464K, committed 5824K, reserved 1048576K
}
Event: 44.210 GC heap after
{Heap after GC invocations=24 (full 2):
 PSYoungGen      total 19968K, used 1449K [0x00000000eab00000, 0x00000000ec100000, 0x0000000100000000)
  eden space 18432K, 0% used [0x00000000eab00000,0x00000000eab00000,0x00000000ebd00000)
  from space 1536K, 94% used [0x00000000ebf80000,0x00000000ec0ea4d0,0x00000000ec100000)
  to   space 2048K, 0% used [0x00000000ebd00000,0x00000000ebd00000,0x00000000ebf00000)
 ParOldGen       total 68608K, used 30357K [0x00000000c0000000, 0x00000000c4300000, 0x00000000eab00000)
  object space 68608K, 44% used [0x00000000c0000000,0x00000000c1da54c0,0x00000000c4300000)
 Metaspace       used 51211K, committed 52032K, reserved 1097728K
  class space    used 5464K, committed 5824K, reserved 1048576K
}
Event: 44.382 GC heap before
{Heap before GC invocations=25 (full 2):
 PSYoungGen      total 19968K, used 19881K [0x00000000eab00000, 0x00000000ec100000, 0x0000000100000000)
  eden space 18432K, 100% used [0x00000000eab00000,0x00000000ebd00000,0x00000000ebd00000)
  from space 1536K, 94% used [0x00000000ebf80000,0x00000000ec0ea4d0,0x00000000ec100000)
  to   space 2048K, 0% used [0x00000000ebd00000,0x00000000ebd00000,0x00000000ebf00000)
 ParOldGen       total 68608K, used 30357K [0x00000000c0000000, 0x00000000c4300000, 0x00000000eab00000)
  object space 68608K, 44% used [0x00000000c0000000,0x00000000c1da54c0,0x00000000c4300000)
 Metaspace       used 51232K, committed 52032K, reserved 1097728K
  class space    used 5464K, committed 5824K, reserved 1048576K
}
Event: 44.384 GC heap after
{Heap after GC invocations=25 (full 2):
 PSYoungGen      total 19456K, used 907K [0x00000000eab00000, 0x00000000ec000000, 0x0000000100000000)
  eden space 18432K, 0% used [0x00000000eab00000,0x00000000eab00000,0x00000000ebd00000)
  from space 1024K, 88% used [0x00000000ebd00000,0x00000000ebde2cd8,0x00000000ebe00000)
  to   space 1536K, 0% used [0x00000000ebe80000,0x00000000ebe80000,0x00000000ec000000)
 ParOldGen       total 68608K, used 31013K [0x00000000c0000000, 0x00000000c4300000, 0x00000000eab00000)
  object space 68608K, 45% used [0x00000000c0000000,0x00000000c1e49700,0x00000000c4300000)
 Metaspace       used 51232K, committed 52032K, reserved 1097728K
  class space    used 5464K, committed 5824K, reserved 1048576K
}
Event: 45.134 GC heap before
{Heap before GC invocations=26 (full 2):
 PSYoungGen      total 19456K, used 19339K [0x00000000eab00000, 0x00000000ec000000, 0x0000000100000000)
  eden space 18432K, 100% used [0x00000000eab00000,0x00000000ebd00000,0x00000000ebd00000)
  from space 1024K, 88% used [0x00000000ebd00000,0x00000000ebde2cd8,0x00000000ebe00000)
  to   space 1536K, 0% used [0x00000000ebe80000,0x00000000ebe80000,0x00000000ec000000)
 ParOldGen       total 68608K, used 31013K [0x00000000c0000000, 0x00000000c4300000, 0x00000000eab00000)
  object space 68608K, 45% used [0x00000000c0000000,0x00000000c1e49700,0x00000000c4300000)
 Metaspace       used 53205K, committed 54080K, reserved 1097728K
  class space    used 5662K, committed 6016K, reserved 1048576K
}
Event: 45.138 GC heap after
{Heap after GC invocations=26 (full 2):
 PSYoungGen      total 19456K, used 576K [0x00000000eab00000, 0x00000000ebf80000, 0x0000000100000000)
  eden space 18432K, 0% used [0x00000000eab00000,0x00000000eab00000,0x00000000ebd00000)
  from space 1024K, 56% used [0x00000000ebe80000,0x00000000ebf10000,0x00000000ebf80000)
  to   space 1024K, 0% used [0x00000000ebd00000,0x00000000ebd00000,0x00000000ebe00000)
 ParOldGen       total 68608K, used 31029K [0x00000000c0000000, 0x00000000c4300000, 0x00000000eab00000)
  object space 68608K, 45% used [0x00000000c0000000,0x00000000c1e4d700,0x00000000c4300000)
 Metaspace       used 53205K, committed 54080K, reserved 1097728K
  class space    used 5662K, committed 6016K, reserved 1048576K
}
Event: 45.485 GC heap before
{Heap before GC invocations=27 (full 2):
 PSYoungGen      total 19456K, used 19008K [0x00000000eab00000, 0x00000000ebf80000, 0x0000000100000000)
  eden space 18432K, 100% used [0x00000000eab00000,0x00000000ebd00000,0x00000000ebd00000)
  from space 1024K, 56% used [0x00000000ebe80000,0x00000000ebf10000,0x00000000ebf80000)
  to   space 1024K, 0% used [0x00000000ebd00000,0x00000000ebd00000,0x00000000ebe00000)
 ParOldGen       total 68608K, used 31029K [0x00000000c0000000, 0x00000000c4300000, 0x00000000eab00000)
  object space 68608K, 45% used [0x00000000c0000000,0x00000000c1e4d700,0x00000000c4300000)
 Metaspace       used 54554K, committed 55488K, reserved 1105920K
  class space    used 5805K, committed 6208K, reserved 1048576K
}
Event: 45.489 GC heap after
{Heap after GC invocations=27 (full 2):
 PSYoungGen      total 19456K, used 384K [0x00000000eab00000, 0x00000000ebf00000, 0x0000000100000000)
  eden space 18432K, 0% used [0x00000000eab00000,0x00000000eab00000,0x00000000ebd00000)
  from space 1024K, 37% used [0x00000000ebd00000,0x00000000ebd60000,0x00000000ebe00000)
  to   space 512K, 0% used [0x00000000ebe80000,0x00000000ebe80000,0x00000000ebf00000)
 ParOldGen       total 68608K, used 31566K [0x00000000c0000000, 0x00000000c4300000, 0x00000000eab00000)
  object space 68608K, 46% used [0x00000000c0000000,0x00000000c1ed3b70,0x00000000c4300000)
 Metaspace       used 54554K, committed 55488K, reserved 1105920K
  class space    used 5805K, committed 6208K, reserved 1048576K
}
Event: 46.593 GC heap before
{Heap before GC invocations=28 (full 2):
 PSYoungGen      total 19456K, used 18805K [0x00000000eab00000, 0x00000000ebf00000, 0x0000000100000000)
  eden space 18432K, 99% used [0x00000000eab00000,0x00000000ebcfd530,0x00000000ebd00000)
  from space 1024K, 37% used [0x00000000ebd00000,0x00000000ebd60000,0x00000000ebe00000)
  to   space 512K, 0% used [0x00000000ebe80000,0x00000000ebe80000,0x00000000ebf00000)
 ParOldGen       total 68608K, used 31566K [0x00000000c0000000, 0x00000000c4300000, 0x00000000eab00000)
  object space 68608K, 46% used [0x00000000c0000000,0x00000000c1ed3b70,0x00000000c4300000)
 Metaspace       used 57049K, committed 57920K, reserved 1105920K
  class space    used 6079K, committed 6464K, reserved 1048576K
}
Event: 46.610 GC heap after
{Heap after GC invocations=28 (full 2):
 PSYoungGen      total 17408K, used 512K [0x00000000eab00000, 0x00000000ec300000, 0x0000000100000000)
  eden space 16896K, 0% used [0x00000000eab00000,0x00000000eab00000,0x00000000ebb80000)
  from space 512K, 100% used [0x00000000ebe80000,0x00000000ebf00000,0x00000000ebf00000)
  to   space 3072K, 0% used [0x00000000ebb80000,0x00000000ebb80000,0x00000000ebe80000)
 ParOldGen       total 68608K, used 33341K [0x00000000c0000000, 0x00000000c4300000, 0x00000000eab00000)
  object space 68608K, 48% used [0x00000000c0000000,0x00000000c208f608,0x00000000c4300000)
 Metaspace       used 57049K, committed 57920K, reserved 1105920K
  class space    used 6079K, committed 6464K, reserved 1048576K
}

